1711752499649:help
1711752504983:random
1711752972174:help
1711753014965:WordCountOfFile /Users/chaitalijoshi/Desktop/demo1.txt
1711753343230:random
1711753352522:help
1711753452325:random
1711753591306:help
1711753594863:WordCountOfFile /Users/chaitalijoshi/Desktop/demo1.txt
1711753604222:history
1711753701690:random
1711755306449:help
1711755308589:random
1711755463879:help
1711755474546:WordCountOfFile
1711755489663:WordCountOfFile /Users/chaitalijoshi/Desktop/demo1.txt
1711755517899:WordCountOfFile //Users/chaitalijoshi/Desktop/demo1.txt
1711755581460:help
1711755584524:WordCountOfFile /Users/chaitalijoshi/Desktop/demo1.txt
1711756006913:help
1711756009672:WordCountOfFile /Users/chaitalijoshi/Desktop/demo1.txt
1711756643963:WordCountOfFile /Us/chaitalijoshi/Desktop/demo1.txt
1711902989934:help
1711902996456:WordCountOfFile /Us/chaitalijoshi/Desktop/demo1.txt
1711903006351:WordCountOfFile /Users/chaitalijoshi/Desktop/demo1.txt
1711928439060:hrlp
1711928443068:help
1711929158962:WordCountOfFile /Users/chaitalijoshi/Documents/Photos/IMG_7741.PNG
1711929422028:WordCountOfFile /Users/chaitalijoshi/Desktop/demo1.txt
1711929468892:WordCountOfFile /Users/chaitalijoshi/Documents/Photos/IMG_7741.PNG
1711930441277:WordCountOfFile /Users/chaitalijoshi/Desktop/demo1.txt
1711931046647:WordCountOfFile /Users/chaitalijoshi/Documents/Photos/IMG_7741.PNG
1712067297403:WordCountOfFile /Users/chaitalijoshi/Desktop/test demo1.txt
1712068257398:WordCountOfFile /Users/chaitalijoshi/Desktop/EMBL-cover-letter.pages
